<?xml version="1.0" encoding="UTF-8"?>
<!-- Generated by org.testng.reporters.JUnitReportReporter -->
<testsuite skipped="0" hostname="v_amayliu-NB1" name="com.athena.cases.LoginCase" tests="5" failures="0" timestamp="2022-03-24T22:24:38 CST" time="9.147" errors="0">
  <testcase name="loginCase" time="0.461" classname="com.athena.cases.LoginCase"/>
  <testcase name="loginCase" time="0.151" classname="com.athena.cases.LoginCase"/>
  <testcase name="loginCase" time="0.177" classname="com.athena.cases.LoginCase"/>
  <testcase name="loginCase" time="8.098" classname="com.athena.cases.LoginCase"/>
  <testcase name="loginCase" time="0.260" classname="com.athena.cases.LoginCase"/>
</testsuite> <!-- com.athena.cases.LoginCase -->
