<?xml version="1.0" encoding="UTF-8"?>
<testsuite xmlns:xsi="http://www.w3.org/2001/XMLSchema-instance" xsi:noNamespaceSchemaLocation="https://maven.apache.org/surefire/maven-surefire-plugin/xsd/surefire-test-report.xsd" name="TestSuite" time="17.837" tests="5" errors="0" skipped="0" failures="0">
  <properties>
    <property name="sun.desktop" value="windows"/>
    <property name="awt.toolkit" value="sun.awt.windows.WToolkit"/>
    <property name="file.encoding.pkg" value="sun.io"/>
    <property name="java.specification.version" value="1.8"/>
    <property name="sun.cpu.isalist" value="amd64"/>
    <property name="sun.jnu.encoding" value="GBK"/>
    <property name="java.class.path" value="E:\Reository\GithubReository\Autotest\java_auto_Athena\api_athena\target\test-classes;E:\Reository\GithubReository\Autotest\java_auto_Athena\api_athena\target\classes;D:\Program Files\apache-maven-3.6.1\repo\io\rest-assured\rest-assured\4.2.0\rest-assured-4.2.0.jar;D:\Program Files\apache-maven-3.6.1\repo\org\codehaus\groovy\groovy\2.5.8\groovy-2.5.8.jar;D:\Program Files\apache-maven-3.6.1\repo\org\codehaus\groovy\groovy-xml\2.5.8\groovy-xml-2.5.8.jar;D:\Program Files\apache-maven-3.6.1\repo\org\apache\httpcomponents\httpclient\4.5.3\httpclient-4.5.3.jar;D:\Program Files\apache-maven-3.6.1\repo\org\apache\httpcomponents\httpcore\4.4.6\httpcore-4.4.6.jar;D:\Program Files\apache-maven-3.6.1\repo\commons-logging\commons-logging\1.2\commons-logging-1.2.jar;D:\Program Files\apache-maven-3.6.1\repo\commons-codec\commons-codec\1.9\commons-codec-1.9.jar;D:\Program Files\apache-maven-3.6.1\repo\org\apache\httpcomponents\httpmime\4.5.3\httpmime-4.5.3.jar;D:\Program Files\apache-maven-3.6.1\repo\org\hamcrest\hamcrest\2.1\hamcrest-2.1.jar;D:\Program Files\apache-maven-3.6.1\repo\org\ccil\cowan\tagsoup\tagsoup\1.2.1\tagsoup-1.2.1.jar;D:\Program Files\apache-maven-3.6.1\repo\io\rest-assured\json-path\4.2.0\json-path-4.2.0.jar;D:\Program Files\apache-maven-3.6.1\repo\org\codehaus\groovy\groovy-json\2.5.8\groovy-json-2.5.8.jar;D:\Program Files\apache-maven-3.6.1\repo\io\rest-assured\rest-assured-common\4.2.0\rest-assured-common-4.2.0.jar;D:\Program Files\apache-maven-3.6.1\repo\io\rest-assured\xml-path\4.2.0\xml-path-4.2.0.jar;D:\Program Files\apache-maven-3.6.1\repo\jakarta\xml\bind\jakarta.xml.bind-api\2.3.2\jakarta.xml.bind-api-2.3.2.jar;D:\Program Files\apache-maven-3.6.1\repo\jakarta\activation\jakarta.activation-api\1.2.1\jakarta.activation-api-1.2.1.jar;D:\Program Files\apache-maven-3.6.1\repo\com\sun\xml\bind\jaxb-osgi\2.3.0.1\jaxb-osgi-2.3.0.1.jar;D:\Program Files\apache-maven-3.6.1\repo\org\apache\sling\org.apache.sling.javax.activation\0.1.0\org.apache.sling.javax.activation-0.1.0.jar;D:\Program Files\apache-maven-3.6.1\repo\javax\activation\activation\1.1.1\activation-1.1.1.jar;D:\Program Files\apache-maven-3.6.1\repo\org\testng\testng\7.0.0\testng-7.0.0.jar;D:\Program Files\apache-maven-3.6.1\repo\com\beust\jcommander\1.72\jcommander-1.72.jar;D:\Program Files\apache-maven-3.6.1\repo\com\alibaba\fastjson\1.2.73\fastjson-1.2.73.jar;D:\Program Files\apache-maven-3.6.1\repo\cn\afterturn\easypoi-annotation\4.0.0\easypoi-annotation-4.0.0.jar;D:\Program Files\apache-maven-3.6.1\repo\cn\afterturn\easypoi-base\4.0.0\easypoi-base-4.0.0.jar;D:\Program Files\apache-maven-3.6.1\repo\org\apache\poi\poi\4.0.0\poi-4.0.0.jar;D:\Program Files\apache-maven-3.6.1\repo\org\apache\commons\commons-collections4\4.2\commons-collections4-4.2.jar;D:\Program Files\apache-maven-3.6.1\repo\org\apache\poi\poi-ooxml\4.0.0\poi-ooxml-4.0.0.jar;D:\Program Files\apache-maven-3.6.1\repo\org\apache\commons\commons-compress\1.18\commons-compress-1.18.jar;D:\Program Files\apache-maven-3.6.1\repo\com\github\virtuald\curvesapi\1.04\curvesapi-1.04.jar;D:\Program Files\apache-maven-3.6.1\repo\org\apache\poi\poi-ooxml-schemas\4.0.0\poi-ooxml-schemas-4.0.0.jar;D:\Program Files\apache-maven-3.6.1\repo\org\apache\xmlbeans\xmlbeans\3.0.1\xmlbeans-3.0.1.jar;D:\Program Files\apache-maven-3.6.1\repo\com\google\guava\guava\16.0.1\guava-16.0.1.jar;D:\Program Files\apache-maven-3.6.1\repo\org\apache\commons\commons-lang3\3.2.1\commons-lang3-3.2.1.jar;D:\Program Files\apache-maven-3.6.1\repo\ognl\ognl\3.2.6\ognl-3.2.6.jar;D:\Program Files\apache-maven-3.6.1\repo\org\javassist\javassist\3.20.0-GA\javassist-3.20.0-GA.jar;D:\Program Files\apache-maven-3.6.1\repo\org\slf4j\slf4j-api\1.6.1\slf4j-api-1.6.1.jar;D:\Program Files\apache-maven-3.6.1\repo\javax\validation\validation-api\1.1.0.Final\validation-api-1.1.0.Final.jar;D:\Program Files\apache-maven-3.6.1\repo\commons-dbutils\commons-dbutils\1.6\commons-dbutils-1.6.jar;D:\Program Files\apache-maven-3.6.1\repo\org\springframework\spring-jdbc\4.3.5.RELEASE\spring-jdbc-4.3.5.RELEASE.jar;D:\Program Files\apache-maven-3.6.1\repo\org\springframework\spring-beans\4.3.5.RELEASE\spring-beans-4.3.5.RELEASE.jar;D:\Program Files\apache-maven-3.6.1\repo\org\springframework\spring-core\4.3.5.RELEASE\spring-core-4.3.5.RELEASE.jar;D:\Program Files\apache-maven-3.6.1\repo\org\springframework\spring-tx\4.3.5.RELEASE\spring-tx-4.3.5.RELEASE.jar;D:\Program Files\apache-maven-3.6.1\repo\mysql\mysql-connector-java\5.1.41\mysql-connector-java-5.1.41.jar;D:\Program Files\apache-maven-3.6.1\repo\log4j\log4j\1.2.16\log4j-1.2.16.jar;D:\Program Files\apache-maven-3.6.1\repo\io\qameta\allure\allure-testng\2.6.0\allure-testng-2.6.0.jar;D:\Program Files\apache-maven-3.6.1\repo\io\qameta\allure\allure-descriptions-javadoc\2.6.0\allure-descriptions-javadoc-2.6.0.jar;D:\Program Files\apache-maven-3.6.1\repo\commons-io\commons-io\2.5\commons-io-2.5.jar;D:\Program Files\apache-maven-3.6.1\repo\io\qameta\allure\allure-java-commons\2.6.0\allure-java-commons-2.6.0.jar;D:\Program Files\apache-maven-3.6.1\repo\io\qameta\allure\allure2-model-api\1.0-BETA6\allure2-model-api-1.0-BETA6.jar;D:\Program Files\apache-maven-3.6.1\repo\io\qameta\allure\allure2-model-pojo\1.0-BETA6\allure2-model-pojo-1.0-BETA6.jar;D:\Program Files\apache-maven-3.6.1\repo\org\apache\tika\tika-core\1.14\tika-core-1.14.jar;D:\Program Files\apache-maven-3.6.1\repo\io\qameta\allure\allure2-model-jackson\1.0-BETA6\allure2-model-jackson-1.0-BETA6.jar;D:\Program Files\apache-maven-3.6.1\repo\com\fasterxml\jackson\core\jackson-databind\2.7.0\jackson-databind-2.7.0.jar;D:\Program Files\apache-maven-3.6.1\repo\com\fasterxml\jackson\core\jackson-annotations\2.7.0\jackson-annotations-2.7.0.jar;D:\Program Files\apache-maven-3.6.1\repo\com\fasterxml\jackson\core\jackson-core\2.7.0\jackson-core-2.7.0.jar;D:\Program Files\apache-maven-3.6.1\repo\com\fasterxml\jackson\module\jackson-module-jaxb-annotations\2.7.0\jackson-module-jaxb-annotations-2.7.0.jar;D:\Program Files\apache-maven-3.6.1\repo\org\aspectj\aspectjrt\1.8.10\aspectjrt-1.8.10.jar;D:\Program Files\apache-maven-3.6.1\repo\org\jooq\joor\0.9.6\joor-0.9.6.jar;"/>
    <property name="java.vm.vendor" value="Oracle Corporation"/>
    <property name="sun.arch.data.model" value="64"/>
    <property name="user.variant" value=""/>
    <property name="java.vendor.url" value="http://java.oracle.com/"/>
    <property name="user.timezone" value="Asia/Shanghai"/>
    <property name="java.vm.specification.version" value="1.8"/>
    <property name="os.name" value="Windows 7"/>
    <property name="user.country" value="CN"/>
    <property name="sun.java.launcher" value="SUN_STANDARD"/>
    <property name="sun.boot.library.path" value="D:\Program Files\Java\jdk1.8.0_291\jre\bin"/>
    <property name="sun.java.command" value="C:\Users\ADMINI~1\AppData\Local\Temp\surefire4980420240518371037\surefirebooter413676580683128553.jar C:\Users\Administrator\AppData\Local\Temp\surefire4980420240518371037 2022-03-24T22-24-17_315-jvmRun1 surefire320319513994928021tmp surefire_05060035607593181148tmp"/>
    <property name="surefire.test.class.path" value="E:\Reository\GithubReository\Autotest\java_auto_Athena\api_athena\target\test-classes;E:\Reository\GithubReository\Autotest\java_auto_Athena\api_athena\target\classes;D:\Program Files\apache-maven-3.6.1\repo\io\rest-assured\rest-assured\4.2.0\rest-assured-4.2.0.jar;D:\Program Files\apache-maven-3.6.1\repo\org\codehaus\groovy\groovy\2.5.8\groovy-2.5.8.jar;D:\Program Files\apache-maven-3.6.1\repo\org\codehaus\groovy\groovy-xml\2.5.8\groovy-xml-2.5.8.jar;D:\Program Files\apache-maven-3.6.1\repo\org\apache\httpcomponents\httpclient\4.5.3\httpclient-4.5.3.jar;D:\Program Files\apache-maven-3.6.1\repo\org\apache\httpcomponents\httpcore\4.4.6\httpcore-4.4.6.jar;D:\Program Files\apache-maven-3.6.1\repo\commons-logging\commons-logging\1.2\commons-logging-1.2.jar;D:\Program Files\apache-maven-3.6.1\repo\commons-codec\commons-codec\1.9\commons-codec-1.9.jar;D:\Program Files\apache-maven-3.6.1\repo\org\apache\httpcomponents\httpmime\4.5.3\httpmime-4.5.3.jar;D:\Program Files\apache-maven-3.6.1\repo\org\hamcrest\hamcrest\2.1\hamcrest-2.1.jar;D:\Program Files\apache-maven-3.6.1\repo\org\ccil\cowan\tagsoup\tagsoup\1.2.1\tagsoup-1.2.1.jar;D:\Program Files\apache-maven-3.6.1\repo\io\rest-assured\json-path\4.2.0\json-path-4.2.0.jar;D:\Program Files\apache-maven-3.6.1\repo\org\codehaus\groovy\groovy-json\2.5.8\groovy-json-2.5.8.jar;D:\Program Files\apache-maven-3.6.1\repo\io\rest-assured\rest-assured-common\4.2.0\rest-assured-common-4.2.0.jar;D:\Program Files\apache-maven-3.6.1\repo\io\rest-assured\xml-path\4.2.0\xml-path-4.2.0.jar;D:\Program Files\apache-maven-3.6.1\repo\jakarta\xml\bind\jakarta.xml.bind-api\2.3.2\jakarta.xml.bind-api-2.3.2.jar;D:\Program Files\apache-maven-3.6.1\repo\jakarta\activation\jakarta.activation-api\1.2.1\jakarta.activation-api-1.2.1.jar;D:\Program Files\apache-maven-3.6.1\repo\com\sun\xml\bind\jaxb-osgi\2.3.0.1\jaxb-osgi-2.3.0.1.jar;D:\Program Files\apache-maven-3.6.1\repo\org\apache\sling\org.apache.sling.javax.activation\0.1.0\org.apache.sling.javax.activation-0.1.0.jar;D:\Program Files\apache-maven-3.6.1\repo\javax\activation\activation\1.1.1\activation-1.1.1.jar;D:\Program Files\apache-maven-3.6.1\repo\org\testng\testng\7.0.0\testng-7.0.0.jar;D:\Program Files\apache-maven-3.6.1\repo\com\beust\jcommander\1.72\jcommander-1.72.jar;D:\Program Files\apache-maven-3.6.1\repo\com\alibaba\fastjson\1.2.73\fastjson-1.2.73.jar;D:\Program Files\apache-maven-3.6.1\repo\cn\afterturn\easypoi-annotation\4.0.0\easypoi-annotation-4.0.0.jar;D:\Program Files\apache-maven-3.6.1\repo\cn\afterturn\easypoi-base\4.0.0\easypoi-base-4.0.0.jar;D:\Program Files\apache-maven-3.6.1\repo\org\apache\poi\poi\4.0.0\poi-4.0.0.jar;D:\Program Files\apache-maven-3.6.1\repo\org\apache\commons\commons-collections4\4.2\commons-collections4-4.2.jar;D:\Program Files\apache-maven-3.6.1\repo\org\apache\poi\poi-ooxml\4.0.0\poi-ooxml-4.0.0.jar;D:\Program Files\apache-maven-3.6.1\repo\org\apache\commons\commons-compress\1.18\commons-compress-1.18.jar;D:\Program Files\apache-maven-3.6.1\repo\com\github\virtuald\curvesapi\1.04\curvesapi-1.04.jar;D:\Program Files\apache-maven-3.6.1\repo\org\apache\poi\poi-ooxml-schemas\4.0.0\poi-ooxml-schemas-4.0.0.jar;D:\Program Files\apache-maven-3.6.1\repo\org\apache\xmlbeans\xmlbeans\3.0.1\xmlbeans-3.0.1.jar;D:\Program Files\apache-maven-3.6.1\repo\com\google\guava\guava\16.0.1\guava-16.0.1.jar;D:\Program Files\apache-maven-3.6.1\repo\org\apache\commons\commons-lang3\3.2.1\commons-lang3-3.2.1.jar;D:\Program Files\apache-maven-3.6.1\repo\ognl\ognl\3.2.6\ognl-3.2.6.jar;D:\Program Files\apache-maven-3.6.1\repo\org\javassist\javassist\3.20.0-GA\javassist-3.20.0-GA.jar;D:\Program Files\apache-maven-3.6.1\repo\org\slf4j\slf4j-api\1.6.1\slf4j-api-1.6.1.jar;D:\Program Files\apache-maven-3.6.1\repo\javax\validation\validation-api\1.1.0.Final\validation-api-1.1.0.Final.jar;D:\Program Files\apache-maven-3.6.1\repo\commons-dbutils\commons-dbutils\1.6\commons-dbutils-1.6.jar;D:\Program Files\apache-maven-3.6.1\repo\org\springframework\spring-jdbc\4.3.5.RELEASE\spring-jdbc-4.3.5.RELEASE.jar;D:\Program Files\apache-maven-3.6.1\repo\org\springframework\spring-beans\4.3.5.RELEASE\spring-beans-4.3.5.RELEASE.jar;D:\Program Files\apache-maven-3.6.1\repo\org\springframework\spring-core\4.3.5.RELEASE\spring-core-4.3.5.RELEASE.jar;D:\Program Files\apache-maven-3.6.1\repo\org\springframework\spring-tx\4.3.5.RELEASE\spring-tx-4.3.5.RELEASE.jar;D:\Program Files\apache-maven-3.6.1\repo\mysql\mysql-connector-java\5.1.41\mysql-connector-java-5.1.41.jar;D:\Program Files\apache-maven-3.6.1\repo\log4j\log4j\1.2.16\log4j-1.2.16.jar;D:\Program Files\apache-maven-3.6.1\repo\io\qameta\allure\allure-testng\2.6.0\allure-testng-2.6.0.jar;D:\Program Files\apache-maven-3.6.1\repo\io\qameta\allure\allure-descriptions-javadoc\2.6.0\allure-descriptions-javadoc-2.6.0.jar;D:\Program Files\apache-maven-3.6.1\repo\commons-io\commons-io\2.5\commons-io-2.5.jar;D:\Program Files\apache-maven-3.6.1\repo\io\qameta\allure\allure-java-commons\2.6.0\allure-java-commons-2.6.0.jar;D:\Program Files\apache-maven-3.6.1\repo\io\qameta\allure\allure2-model-api\1.0-BETA6\allure2-model-api-1.0-BETA6.jar;D:\Program Files\apache-maven-3.6.1\repo\io\qameta\allure\allure2-model-pojo\1.0-BETA6\allure2-model-pojo-1.0-BETA6.jar;D:\Program Files\apache-maven-3.6.1\repo\org\apache\tika\tika-core\1.14\tika-core-1.14.jar;D:\Program Files\apache-maven-3.6.1\repo\io\qameta\allure\allure2-model-jackson\1.0-BETA6\allure2-model-jackson-1.0-BETA6.jar;D:\Program Files\apache-maven-3.6.1\repo\com\fasterxml\jackson\core\jackson-databind\2.7.0\jackson-databind-2.7.0.jar;D:\Program Files\apache-maven-3.6.1\repo\com\fasterxml\jackson\core\jackson-annotations\2.7.0\jackson-annotations-2.7.0.jar;D:\Program Files\apache-maven-3.6.1\repo\com\fasterxml\jackson\core\jackson-core\2.7.0\jackson-core-2.7.0.jar;D:\Program Files\apache-maven-3.6.1\repo\com\fasterxml\jackson\module\jackson-module-jaxb-annotations\2.7.0\jackson-module-jaxb-annotations-2.7.0.jar;D:\Program Files\apache-maven-3.6.1\repo\org\aspectj\aspectjrt\1.8.10\aspectjrt-1.8.10.jar;D:\Program Files\apache-maven-3.6.1\repo\org\jooq\joor\0.9.6\joor-0.9.6.jar;"/>
    <property name="sun.cpu.endian" value="little"/>
    <property name="allure.results.directory" value="E:\Reository\GithubReository\Autotest\java_auto_Athena\api_athena\target/allure-results"/>
    <property name="user.home" value="C:\Users\Administrator"/>
    <property name="user.language" value="zh"/>
    <property name="java.specification.vendor" value="Oracle Corporation"/>
    <property name="java.home" value="D:\Program Files\Java\jdk1.8.0_291\jre"/>
    <property name="basedir" value="E:\Reository\GithubReository\Autotest\java_auto_Athena\api_athena"/>
    <property name="file.separator" value="\"/>
    <property name="line.separator" value="&#10;"/>
    <property name="java.vm.specification.vendor" value="Oracle Corporation"/>
    <property name="java.specification.name" value="Java Platform API Specification"/>
    <property name="java.awt.graphicsenv" value="sun.awt.Win32GraphicsEnvironment"/>
    <property name="idea.version2020.1.1" value="true"/>
    <property name="surefire.real.class.path" value="C:\Users\ADMINI~1\AppData\Local\Temp\surefire4980420240518371037\surefirebooter413676580683128553.jar;D:\Program Files\apache-maven-3.6.1\repo/org/aspectj/aspectjweaver/1.9.2/aspectjweaver-1.9.2.jar"/>
    <property name="sun.boot.class.path" value="D:\Program Files\Java\jdk1.8.0_291\jre\lib\resources.jar;D:\Program Files\Java\jdk1.8.0_291\jre\lib\rt.jar;D:\Program Files\Java\jdk1.8.0_291\jre\lib\sunrsasign.jar;D:\Program Files\Java\jdk1.8.0_291\jre\lib\jsse.jar;D:\Program Files\Java\jdk1.8.0_291\jre\lib\jce.jar;D:\Program Files\Java\jdk1.8.0_291\jre\lib\charsets.jar;D:\Program Files\Java\jdk1.8.0_291\jre\lib\jfr.jar;D:\Program Files\Java\jdk1.8.0_291\jre\classes"/>
    <property name="user.script" value=""/>
    <property name="sun.management.compiler" value="HotSpot 64-Bit Tiered Compilers"/>
    <property name="java.runtime.version" value="1.8.0_291-b10"/>
    <property name="user.name" value="Administrator"/>
    <property name="path.separator" value=";"/>
    <property name="os.version" value="6.1"/>
    <property name="java.endorsed.dirs" value="D:\Program Files\Java\jdk1.8.0_291\jre\lib\endorsed"/>
    <property name="java.runtime.name" value="Java(TM) SE Runtime Environment"/>
    <property name="file.encoding" value="UTF-8"/>
    <property name="java.vm.name" value="Java HotSpot(TM) 64-Bit Server VM"/>
    <property name="localRepository" value="D:\Program Files\apache-maven-3.6.1\repo"/>
    <property name="java.vendor.url.bug" value="http://bugreport.sun.com/bugreport/"/>
    <property name="java.io.tmpdir" value="C:\Users\ADMINI~1\AppData\Local\Temp\"/>
    <property name="java.version" value="1.8.0_291"/>
    <property name="user.dir" value="E:\Reository\GithubReository\Autotest\java_auto_Athena\api_athena"/>
    <property name="os.arch" value="amd64"/>
    <property name="java.vm.specification.name" value="Java Virtual Machine Specification"/>
    <property name="java.awt.printerjob" value="sun.awt.windows.WPrinterJob"/>
    <property name="sun.os.patch.level" value="Service Pack 1"/>
    <property name="java.library.path" value="D:\Program Files\Java\jdk1.8.0_291\jre\bin;C:\Windows\Sun\Java\bin;C:\Windows\system32;C:\Windows;C:\Program Files (x86)\Common Files\Oracle\Java\javapath;D:\Program Files (x86)\python\Scripts\;D:\Program Files (x86)\python\;C:\Windows\system32;C:\Windows;C:\Windows\System32\Wbem;C:\Windows\System32\WindowsPowerShell\v1.0\;D:\Program Files (x86)\python;C:\Program Files\TortoiseGit\bin;D:\Program Files\apache-maven-3.6.1\bin;D:\Program Files\Java\apache-tomcat-9.0.38\bin;D:\Program Files\Java\apache-tomcat-9.0.38\lib;D:\Program Files\VisualSVN Server\bin;D:\Program Files\TortoiseSVN\bin;D:\Program Files\APP_appium\android-sdk-windows-appium\android-sdk-windows-appium\platform-tools;D:\Program Files\APP_appium\android-sdk-windows-appium\android-sdk-windows-appium\tools;D:\Program Files\APP_appium\android-sdk-windows-appium\android-sdk-windows-appium\build-tools\28.0.3;D:\Program Files\Java\jdk1.8.0_291\bin;D:\Program Files\Java\jdk1.8.0_291\jre\bin;D:\Program Files\JetBrains\GoLand_SDK\bin;D:\Program Files\Git\cmd;D:\Program Files\nodejs\;D:\Program Files\apache-maven-3.6.1\bin;D:\Program Files\Java\jdk1.8.0_251;D:\Program Files\nodejs\node_global;."/>
    <property name="java.vm.info" value="mixed mode"/>
    <property name="java.vendor" value="Oracle Corporation"/>
    <property name="java.vm.version" value="25.291-b10"/>
    <property name="java.ext.dirs" value="D:\Program Files\Java\jdk1.8.0_291\jre\lib\ext;C:\Windows\Sun\Java\lib\ext"/>
    <property name="sun.io.unicode.encoding" value="UnicodeLittle"/>
    <property name="maven.repo.local" value="D:\Program Files\apache-maven-3.6.1\repo"/>
    <property name="java.class.version" value="52.0"/>
  </properties>
  <testcase name="loginCase" classname="com.athena.cases.LoginCase" time="8.108"/>
  <testcase name="loginCase" classname="com.athena.cases.LoginCase" time="0.459"/>
  <testcase name="loginCase" classname="com.athena.cases.LoginCase" time="0.177"/>
  <testcase name="loginCase" classname="com.athena.cases.LoginCase" time="0.261"/>
  <testcase name="loginCase" classname="com.athena.cases.LoginCase" time="0.157"/>
</testsuite>